# JRE version: OpenJDK Runtime Environment (21.0.7) (build 21.0.7+-13880790-b1038.58)
# Java VM: OpenJDK 64-Bit Server VM (21.0.7+-13880790-b1038.58, mixed mode, tiered, compressed oops, compressed class ptrs, g1 gc, windows-amd64)
GC Precious Log:
 CardTable entry size: 512
 Card Set container configuration: InlinePtr #cards 5 size 8 Array Of Cards #cards 12 size 40 Howl #buckets 4 coarsen threshold 1843 Howl Bitmap #cards 512 size 80 coarsen threshold 460 Card regions per heap region 1 cards per card region 2048
 CPUs: 4 total, 4 available
 Memory: 7931M
 Large Page Support: Disabled
 NUMA Support: Disabled
 Compressed Oops: Enabled (32-bit)
 Heap Region Size: 1M
 Heap Min Capacity: 8M
 Heap Initial Capacity: 124M
 Heap Max Capacity: 1984M
 Pre-touch: Disabled
 Parallel Workers: 4
 Concurrent Workers: 1
 Concurrent Refinement Workers: 4
 Periodic GC: Disabled
Heap:
 garbage-first heap   total 143360K, used 96954K [0x0000000084000000, 0x0000000100000000)
  region size 1024K, 5 young (5120K), 5 survivors (5120K)
 Metaspace       used 56462K, committed 56704K, reserved 1114112K
  class space    used 6422K, committed 6528K, reserved 1048576K
GC Heap History (20 events):
Event: 10.793 GC heap after
{Heap after GC invocations=15 (full 0):
 garbage-first heap   total 73728K, used 47616K [0x0000000084000000, 0x0000000100000000)
  region size 1024K, 3 young (3072K), 3 survivors (3072K)
 Metaspace       used 50444K, committed 50688K, reserved 1114112K
  class space    used 5778K, committed 5888K, reserved 1048576K
}
Event: 10.847 GC heap before
{Heap before GC invocations=15 (full 0):
 garbage-first heap   total 73728K, used 60928K [0x0000000084000000, 0x0000000100000000)
  region size 1024K, 17 young (17408K), 3 survivors (3072K)
 Metaspace       used 50468K, committed 50752K, reserved 1114112K
  class space    used 5781K, committed 5888K, reserved 1048576K
}
Event: 10.857 GC heap after
{Heap after GC invocations=16 (full 0):
 garbage-first heap   total 73728K, used 53248K [0x0000000084000000, 0x0000000100000000)
  region size 1024K, 3 young (3072K), 3 survivors (3072K)
 Metaspace       used 50468K, committed 50752K, reserved 1114112K
  class space    used 5781K, committed 5888K, reserved 1048576K
}
Event: 11.168 GC heap before
{Heap before GC invocations=17 (full 0):
 garbage-first heap   total 89088K, used 64512K [0x0000000084000000, 0x0000000100000000)
  region size 1024K, 14 young (14336K), 3 survivors (3072K)
 Metaspace       used 50498K, committed 50752K, reserved 1114112K
  class space    used 5783K, committed 5888K, reserved 1048576K
}
Event: 11.176 GC heap after
{Heap after GC invocations=18 (full 0):
 garbage-first heap   total 89088K, used 56832K [0x0000000084000000, 0x0000000100000000)
  region size 1024K, 2 young (2048K), 2 survivors (2048K)
 Metaspace       used 50498K, committed 50752K, reserved 1114112K
  class space    used 5783K, committed 5888K, reserved 1048576K
}
Event: 11.679 GC heap before
{Heap before GC invocations=18 (full 0):
 garbage-first heap   total 89088K, used 73216K [0x0000000084000000, 0x0000000100000000)
  region size 1024K, 19 young (19456K), 2 survivors (2048K)
 Metaspace       used 52760K, committed 52992K, reserved 1114112K
  class space    used 6035K, committed 6144K, reserved 1048576K
}
Event: 11.687 GC heap after
{Heap after GC invocations=19 (full 0):
 garbage-first heap   total 89088K, used 59275K [0x0000000084000000, 0x0000000100000000)
  region size 1024K, 3 young (3072K), 3 survivors (3072K)
 Metaspace       used 52760K, committed 52992K, reserved 1114112K
  class space    used 6035K, committed 6144K, reserved 1048576K
}
Event: 12.202 GC heap before
{Heap before GC invocations=19 (full 0):
 garbage-first heap   total 89088K, used 74635K [0x0000000084000000, 0x0000000100000000)
  region size 1024K, 19 young (19456K), 3 survivors (3072K)
 Metaspace       used 55123K, committed 55296K, reserved 1114112K
  class space    used 6325K, committed 6400K, reserved 1048576K
}
Event: 12.211 GC heap after
{Heap after GC invocations=20 (full 0):
 garbage-first heap   total 118784K, used 61780K [0x0000000084000000, 0x0000000100000000)
  region size 1024K, 3 young (3072K), 3 survivors (3072K)
 Metaspace       used 55123K, committed 55296K, reserved 1114112K
  class space    used 6325K, committed 6400K, reserved 1048576K
}
Event: 13.108 GC heap before
{Heap before GC invocations=21 (full 0):
 garbage-first heap   total 118784K, used 94548K [0x0000000084000000, 0x0000000100000000)
  region size 1024K, 35 young (35840K), 3 survivors (3072K)
 Metaspace       used 55870K, committed 56128K, reserved 1114112K
  class space    used 6385K, committed 6464K, reserved 1048576K
}
Event: 13.123 GC heap after
{Heap after GC invocations=22 (full 0):
 garbage-first heap   total 118784K, used 67584K [0x0000000084000000, 0x0000000100000000)
  region size 1024K, 5 young (5120K), 5 survivors (5120K)
 Metaspace       used 55870K, committed 56128K, reserved 1114112K
  class space    used 6385K, committed 6464K, reserved 1048576K
}
Event: 13.282 GC heap before
{Heap before GC invocations=22 (full 0):
 garbage-first heap   total 118784K, used 98304K [0x0000000084000000, 0x0000000100000000)
  region size 1024K, 35 young (35840K), 5 survivors (5120K)
 Metaspace       used 55870K, committed 56128K, reserved 1114112K
  class space    used 6385K, committed 6464K, reserved 1048576K
}
Event: 13.296 GC heap after
{Heap after GC invocations=23 (full 0):
 garbage-first heap   total 118784K, used 73728K [0x0000000084000000, 0x0000000100000000)
  region size 1024K, 5 young (5120K), 5 survivors (5120K)
 Metaspace       used 55870K, committed 56128K, reserved 1114112K
  class space    used 6385K, committed 6464K, reserved 1048576K
}
Event: 13.377 GC heap before
{Heap before GC invocations=23 (full 0):
 garbage-first heap   total 118784K, used 101376K [0x0000000084000000, 0x0000000100000000)
  region size 1024K, 32 young (32768K), 5 survivors (5120K)
 Metaspace       used 55870K, committed 56128K, reserved 1114112K
  class space    used 6385K, committed 6464K, reserved 1048576K
}
Event: 13.385 GC heap after
{Heap after GC invocations=24 (full 0):
 garbage-first heap   total 118784K, used 79872K [0x0000000084000000, 0x0000000100000000)
  region size 1024K, 4 young (4096K), 4 survivors (4096K)
 Metaspace       used 55870K, committed 56128K, reserved 1114112K
  class space    used 6385K, committed 6464K, reserved 1048576K
}
Event: 13.473 GC heap before
{Heap before GC invocations=24 (full 0):
 garbage-first heap   total 118784K, used 104448K [0x0000000084000000, 0x0000000100000000)
  region size 1024K, 28 young (28672K), 4 survivors (4096K)
 Metaspace       used 55870K, committed 56128K, reserved 1114112K
  class space    used 6385K, committed 6464K, reserved 1048576K
}
Event: 13.480 GC heap after
{Heap after GC invocations=25 (full 0):
 garbage-first heap   total 118784K, used 85504K [0x0000000084000000, 0x0000000100000000)
  region size 1024K, 4 young (4096K), 4 survivors (4096K)
 Metaspace       used 55870K, committed 56128K, reserved 1114112K
  class space    used 6385K, committed 6464K, reserved 1048576K
}
Event: 13.741 GC heap before
{Heap before GC invocations=26 (full 0):
 garbage-first heap   total 143360K, used 105984K [0x0000000084000000, 0x0000000100000000)
  region size 1024K, 24 young (24576K), 4 survivors (4096K)
 Metaspace       used 55870K, committed 56128K, reserved 1114112K
  class space    used 6385K, committed 6464K, reserved 1048576K
}
Event: 13.746 GC heap after
{Heap after GC invocations=27 (full 0):
 garbage-first heap   total 143360K, used 90468K [0x0000000084000000, 0x0000000100000000)
  region size 1024K, 3 young (3072K), 3 survivors (3072K)
 Metaspace       used 55870K, committed 56128K, reserved 1114112K
  class space    used 6385K, committed 6464K, reserved 1048576K
}
Event: 14.445 GC heap before
{Heap before GC invocations=27 (full 0):
 garbage-first heap   total 143360K, used 123236K [0x0000000084000000, 0x0000000100000000)
  region size 1024K, 35 young (35840K), 3 survivors (3072K)
 Metaspace       used 56462K, committed 56704K, reserved 1114112K
  class space    used 6422K, committed 6528K, reserved 1048576K
}

